<?xml version="1.0" encoding="UTF-8"?>
<testng-results ignored="0" total="1" passed="1" failed="0" skipped="0">
  <reporter-output>
  </reporter-output>
  <suite started-at="2020-06-10T16:28:31Z" name="Default suite" finished-at="2020-06-10T16:28:44Z" duration-ms="13876">
    <groups>
    </groups>
    <test started-at="2020-06-10T16:28:31Z" name="Default test" finished-at="2020-06-10T16:28:44Z" duration-ms="13876">
      <class name="pageFactoryWithoutAnnotation.LoginWithoutFindBy">
        <test-method signature="login()[pri:0, instance:pageFactoryWithoutAnnotation.LoginWithoutFindBy@25b485ba]" started-at="2020-06-10T16:28:31Z" name="login" finished-at="2020-06-10T16:28:44Z" duration-ms="13843" status="PASS">
          <reporter-output>
          </reporter-output>
        </test-method> <!-- login -->
      </class> <!-- pageFactoryWithoutAnnotation.LoginWithoutFindBy -->
    </test> <!-- Default test -->
  </suite> <!-- Default suite -->
</testng-results>
